[    0.000000] Intiizng cro ssys cpuset
[    0.0000] nitialzig roupsuyspu
[  00000] Initling cro sbsys cuat
[  .0000] Liuxerion .4-15-geer (bldd@cy-amd4-020)(gc ersion 54.200609 (Ubtu.4.0-6ubnt~104.10)) 61Ubunu P n Aug 2 10:45:01 UTC 2018 (Ubuntu 4.4.0-135.161-generic 4.4.140)
[    0.000000] Command line: BOOT_IMAGE=/oovmlin-4.0135-generic root=LABL=cloudimg-rootfs ro conle=ty1onle=tty0    0.00] ERELuprtedcp:
[  0.000000]   Intel GenuineIntel
[    0.000000]   AMD AuthentiAM
[   00000]  Ceau CenaurHaul
[    0.000000] x86/fpu: xstate_offset[2]:  576, xstate_sizes[2]:  256
[    0.00000]x8fp SuporngXSAV fture 0x0: 'x87fltig pontegstrs
[   0.000] 86/fpu Spoting XAVfeature 0x02: 'SSE registers'
[    0.000000] x86/fpu: Supporting XSAVE feature 0x04: 'AVX registers'
[   0.000]x86/fp: Enale xstate ftus x7, cote sze i 832 bytes ung 'taar forat
[   0.000 e820:BI-povidd yscal RAM map:
[    00000] IOe8: [me 000000000000000x00000009ffusabe   0.000] IOS-82 [m 0x00000009fc0-000000000fff] reserved
[    0.000000] BIOS-e820: [mem 0x00000000000f0000-0x00000000000fffff] reserved
[    0.000000] BIOS-e820: [mem 0x0000000000100000-0x000000003ffeffff] usable
[    .00000] BIOS-82: em 0x00003ff00-00000003ffff] APIat
[    .000] BIS-20 [me0x000000ffc00-000000fffff]rervd
[  00000]  (ecute Disbl potecio aive
[  000000] SMBOS 2.5 present.
[    0.000000] Hypervisor detected: KVM
[    0.000000] e820: last_pfn = 0x3fff0 max_arch_pfn = 0x400000000
[    0.000000] MTRR: Disabled
[    0.000000] x86/PAT: MTRRs disabled, skipping PAT initialization too.
[    0.000000] CPU MTRRs all blank - virtualized system.
[    0.000000] x86/PAT: Configuration [0-7]: WB  WT  UC- UC  WB  WT  UC- UC  
[    0.000000] found SMP MP-table at [mem 0x0009fff0-0x0009ffff] mapped at [ffff88000009fff0]
[    0.000000] Scanning 1 areas for low memory corruption
[    0.000000] RAMDISK: [mem 0x3630a00x3717ff
   00000 ACP: arly table checksum verificatin isabed[   0.00] ACI:SD 0x0000000000000024(v02 VOX )
    0.00000]CP: XSD 0000000FF03 0003Cv0VBOX  OXSDT 0000 ASL  00000)[    00000 ACP: CP0x000000003FFF00000F4(v VOX  OXACP 00001 SL  00006)
[    00000 ACPI:DS 0000000FF0470 001CEB(v VBOX  VXBS 0000002 TL201052
    0.000]ACPI FS x000003FF020 004
[   0.000] ACPI: FAC 00000003FFF02000040
[    0.000000] ACPI: AICx0000003FFF0240 00005C (v02 VBOX  BOAPIC 00001ASL 0000)
[  000000] API SSDT 0x00000000FFF02A00CC (01BO  VBOXCPT 00002 NT2000528)[   0.000]o NUMAcoigratin un
[   00000]Fang node at me0x0000000000-0x000003fefff]   00000NODE_DTA(0) aloated [emx3feb00-3fffff]
[    0.00000kv-cloc: Ungmsrs 4b54d and 45600
[  0.00000]vmcloc: u  msr 03f301,rirycpu clck[    00000 kvmclk:sing sched offset of 3096894757 cycles
[    0.000000]  cloksourc: m-clckma: 0xfffffffffff x_cyles:0xd44dffb,maidle_ns: 81595983ns
[   00000]onrangs:
[   0000000   DMA     [em0x00000001000-x0000000fff]
[  000000]   DA3  mem 0000001000000x0000003eff]
  0.0000]  Nma   empy    0.00000  evice   empty
[   0.000] Movblzoe strtoreah de
[    .0000] Erly mmo nde ranes
   .000000]   node  : em 000000000000x0000009eff]
[   0.0000]  ne  0: emx00000000000-0000003ffefff][    0.000000] Initmem setup node 0 [mem 0x0000000000001000-0x000000003fff]
[    .000 ACPI PTier I Pt:x4008[  0.0000 IAPIC0]apc_id 2, version 17, addrssxf00000,GS0-3
[    0.000000] ACPI: INT_SRC_OVR (bus 0 bus_irq 0 global_irq 2 dfl dfl)
[    0.000000] ACPI: INT_SRC_OR bus 0 bus_iq  global_irq9 igh ev)[   0.000] UinACI MAT)orMP cnfurtioninrmion
[   0.000]smoo Allwi 2CPUs 0otlug CPs    0.00] PM: egtered osve memry[mem 0x00000000-0x00000fff]
[    0.000000] PM: Registered nosave memory: [mm 0x009f000-0x0009ffff]
[    0.000000] PM: Registered nosave memory: [mem 0x000a0000-0x000effff]
[    0.000000] PM: Registered nose emory:[m 0000f000-x0fffff]
  0.0000] e820: [mem 0x000000-0xffbffavaiab fr PCI vis
[  00000 Bti parviuazed kerneel n VM
[   0.000000] cloksrc: refined-iffies: ask: 0xfffffff max_ycs:0xfffff,max_dlns 7645519601168 n
  0.000000] seupercpu: NR_CPUS:512 nr_cpumask_bits:512 nr_cpu_is:2 nr_node_ids:1
  0.00000]PEPU Embdd 34 agescp@fff80003fc00000 9954 r8192 d31528 u14857
  0.0000 P qspinochah talenties: 26 rdr: 0 46 tes)
[  00000] il11 zonlists i Ne order milty gouing .  Ttapas: 25792    .000 Policyzo: MA32
[  .00000 Knel comand lne BOO_IGE=/oot/vmlinuz-4.40-135-genri roo=LELloudimgrofsro cnse=ty1 coso=ttyS0
[    0.000000] PID hash table entries: 4096 (order: 3, 32768 bytes)
[    0.000000] Memory: 997720K/1048120K available (8554K kernel code, 1314K rwdata, 4004K rodata, 1516K int, 136Kss50400Krervd, 0 c-rerved)   0.000] SLUB Hli=64, Ordr=3,inObjets, PUs=, de1
[  000000]KeelUser page tables ilaon: enbl
   0.000] ierahialRCU implementation.
[   00000]Bud-ime adjustent of leaf fanout to 64.
[    0.000000] 	RCU restricting CPUs from NR_CPUS=512 to nr_cpu_ids=2.
[    0.000000] RCU: Adjusting geometry for rcu_fanout_leaf=64, nr_cpu_ids=2
[    0.000000] NR_IRQS:33024 r_qs:44016[    00000 Consoe:olur VA+0x
[   00000]cool[tty] abed
  0.0000 csoe [tty0]naled[  0.000000] tsc: Detected 2303.998 MHz processor
[   16.246263] Calibrating delay loop (skipped) preset value.. 4607.99 BogoMIPS (lpj=9215992)
[   16.302671] pid_max: default: 32768 minimum: 301
[   16.366063] ACPI: Core revision 20150930
[   16.438982] ACPI: 2 ACPI AML tables successfully acquired and loaded
[   16.550433] Security Framework initialized
[   16.589765] Yama: becoming mindful.
[   16.644746] AppArmor: AppArmor initialized
[   16.722251] Dentry cache hash table entries: 131072 (order: 8, 1048576 bytes)
[   16.835708] Inode-cache hash table entries: 65536 (order: 7, 524288 bytes)
[   16.930287] Mount-cache hash table entries: 2048 (order: 2, 16384 bytes)
[   16.931516] Mountpoint-cache hash table entries: 2048 (order: 2, 16384 bytes)
[   16.932917] Initializing cgroup subsys io
[   16.933760] Initializing cgroup subsys memory
[   17.009926] Initializing cgroup subsys devices
[   17.069562] Initializing cgroup subsys freezer
[   17.144340] Initializing cgroup subsys net_cls
[   17.222273] Initializing cgroup subsys perf_event
[   17.299554] Initializing cgroup subsys net_prio
[   17.383831] Initializing cgroup subsys hugetlb
[   17.441993] Initializing cgroup subsys pids
[   17.523478] mce: CPU supports 0 MCE banks
[   17.585394] Last level iTLB entries: 4KB 64, 2MB 8, 4MB 8
[   17.654010] Last level dTLB entries: 4KB 64, 2MB 0, 4MB 0, 1GB 4
[   17.710588] Spectre V2 : Mitigation: Full generic retpoline
[   17.782285] Spectre V2 : Speculation control IBPB not-supported IBRS not-supported
[   17.918215] Spectre V2 : Filling RSB on context switch
[   18.017631] Speculative Store Bypass: Vulnerable
[   18.104129] Freeing SMP alternatives memory: 32K
[   18.190463] ftrace: allocating 32266 entries in 127 pages
[   18.332143] smpboot: APIC(0) Converting physical 0 to logical package 0
[   18.410116] smpboot: Max logical packages: 1
[   18.412029] ..TIMER: vector=0x30 apic1=0 pin1=2 apic2=-1 pin2=-1
[   18.625657] smpboot: CPU0: Intel(R) Core(TM) i5-7360U CPU @ 2.30GHz (family: 0x6, model: 0x8e, stepping: 0x9)
[   18.664479] Performance Events: unsupported p6 CPU model 142 no PMU driver, software events only.
[   18.678465] KVM setup paravirtual spinlock
[   18.722108] x86: Booting SMP configuration:
[   18.762927] .... node  #0, CPUs:      #1
[   18.821754] kvm-clock: cpu 1, msr 0:3ffe3041, secondary cpu clock
[   18.824220] mce: CPU supports 0 MCE banks
[   18.826758] x86: Booted up 1 node, 2 CPUs
[   18.863656] smpboot: Total of 2 processors activated (9215.99 BogoMIPS)
[   18.941268] devtmpfs: initialized
[   18.975737] evm: security.selinux
[   19.021207] evm: security.SMACK64
[   19.050165] evm: security.SMACK64EXEC
[   19.082322] evm: security.SMACK64TRANSMUTE
[   19.119788] evm: security.SMACK64MMAP
[   19.159922] evm: security.ima
[   19.184925] evm: security.capability
[   19.232018] clocksource: jiffies: mask: 0xffffffff max_cycles: 0xffffffff, max_idle_ns: 7645041785100000 ns
[   19.322688] futex hash table entries: 512 (order: 3, 32768 bytes)
[   19.379766] pinctrl core: initialized pinctrl subsystem
[   19.426357] RTC time:  9:52:10, date: 10/18/18
[   19.468045] NET: Registered protocol family 16
[   19.518801] cpuidle: using governor ladder
[   19.570566] cpuidle: using governor menu
[   19.596858] PCCT header not found.
[   19.628830] ACPI: bus type PCI registered
[   19.664893] acpiphp: ACPI Hot Plug PCI Controller Driver version: 0.5
[   19.722712] PCI: Using configuration type 1 for base access
[   19.783508] ACPI: Added _OSI(Module Device)
[   19.796503] ACPI: Added _OSI(Processor Device)
[   19.818341] ACPI: Added _OSI(3.0 _SCP Extensions)
[   19.834351] ACPI: Added _OSI(Processor Aggregator Device)
[   19.879145] ACPI: Executed 1 blocks of module-level executable AML code
[   19.941432] ACPI: Interpreter enabled
[   19.976853] ACPI: (supports S0 S5)
[   19.990667] ACPI: Using IOAPIC for interrupt routing
[   20.031783] PCI: Using host bridge windows from ACPI; if necessary, use "pci=nocrs" and report a bug
[   20.107505] ACPI: PCI Root Bridge [PCI0] (domain 0000 [bus 00-ff])
[   20.167824] acpi PNP0A03:00: _OSC: OS supports [ASPM ClockPM Segments MSI]
[   20.181826] acpi PNP0A03:00: _OSC failed (AE_NOT_FOUND); disabling ASPM
[   20.221231] acpi PNP0A03:00: fail to add MMCONFIG information, can't access extended PCI configuration space under this bridge.
[   20.277692] PCI host bridge to bus 0000:00
[   20.310473] pci_bus 0000:00: root bus resource [io  0x0000-0x0cf7 window]
[   20.370793] pci_bus 0000:00: root bus resource [io  0x0d00-0xffff window]
[   20.438467] pci_bus 0000:00: root bus resource [mem 0x000a0000-0x000bffff window]
[   20.504219] pci_bus 0000:00: root bus resource [mem 0x40000000-0xffdfffff window]
[   20.573540] pci_bus 0000:00: root bus resource [bus 00-ff]
[   20.603992] pci 0000:00:01.1: legacy IDE quirk: reg 0x10: [io  0x01f0-0x01f7]
[   20.649289] pci 0000:00:01.1: legacy IDE quirk: reg 0x14: [io  0x03f6]
[   20.673029] pci 0000:00:01.1: legacy IDE quirk: reg 0x18: [io  0x0170-0x0177]
[   20.696623] pci 0000:00:01.1: legacy IDE quirk: reg 0x1c: [io  0x0376]
[   20.775093] ACPI: PCI Interrupt Link [LNKA] (IRQs 5 9 10 11) *0, disabled.
[   20.860199] ACPI: PCI Interrupt Link [LNKB] (IRQs 5 9 10 *11)
[   20.861691] ACPI: PCI Interrupt Link [LNKC] (IRQs 5 9 *10 11)
[   20.868861] ACPI: PCI Interrupt Link [LNKD] (IRQs 5 *9 10 11)
[   20.870768] ACPI: Enabled 2 GPEs in block 00 to 07
[   20.899852] vgaarb: setting as boot device: PCI:0000:00:02.0
[   20.920929] vgaarb: device added: PCI:0000:00:02.0,decodes=io+mem,owns=io+mem,locks=none
[   20.984187] vgaarb: loaded
[   21.007752] vgaarb: bridge control possible 0000:00:02.0
[   21.065401] SCSI subsystem initialized
[   21.090975] ACPI: bus type USB registered
[   21.142502] usbcore: registered new interface driver usbfs
[   21.182740] usbcore: registered new interface driver hub
[   21.233260] usbcore: registered new device driver usb
[   21.252650] PCI: Using ACPI for IRQ routing
[   21.300217] NetLabel: Initializing
[   21.330450] NetLabel:  domain hash size = 128
[   21.367584] NetLabel:  protocols = UNLABELED CIPSOv4
[   21.412115] NetLabel:  unlabeled traffic allowed by default
[   21.452011] amd_nb: Cannot enumerate AMD northbridges
[   21.490965] clocksource: Switched to clocksource kvm-clock
[ 2199006] AppArmor: AppArmor Filesystem Enabled  1.51] p:nPACPIin
   219649pn P AI:ou 3eves
[   22.446442] clocksource: acpi_pm: mask: 0xffffff max_cycles: 0xffffff, max_idle_ns: 2085701024 ns
[   22.485920] NET: Registered protocol family 2
[   22.486917] TCP established hash table entries: 8192 (order: 4, 65536 bytes)
[   22.704699] TCP bind hash table entries: 8192 (order: 5, 131072 bytes)
[   22.895175] TCP: Hash tables configured (established 8192 bind 8192)
[   23.004682] UDP hash table entries: 512 (order: 2, 16384 bytes)
[   23.025180] UDP-Lite hash table entries: 512 (order: 2, 16384 bytes)
[   23.041123] NET: Registered protocol family 1
[   23.042069] pci 0000:00:00.0: Limiting direct PCI/PCI transfers
[   23.052380] pci 0000:00:01.0: Activating ISA DMA hang workarounds
[   23.062714] Unpacking initramfs...
[   23.265732] Freeing initrd memory: 14796K
[   23.324613] platform rtc_cmos: registered platform RTC device (no PNP device found)
[   23.485688] Scanning for low memory corruption every 60 seconds
[   23.611105] audit: initializing netlink subsys (disabled)
[   23.738083] audit: type=2000 audit(1539856318.730:1): initialized
[   23.815983] Initialise system trusted keyring
[   23.852953] HugeTLB registered 2 MB page size, pre-allocated 0 pages
[   24.036658] zbud: loaded
[   24.054819] VFS: Disk quotas dquot_6.6.0
[   24.114688] VFS: Dquot-cache hash table entries: 512 (order 0, 4096 bytes)
[   24.120451] squashfs: version 4.0 (2009/01/31) Phillip Lougher
[   24.123944] fuse init (API version 7.23)
[   24.134893] Key type big_key registered
[   24.144685] Allocating IMA MOK and blacklist keyrings.
[   24.165804] Key type asymmetric registered
[   24.188089] Asymmetric key parser 'x509' registered
[   24.220783] Block layer SCSI generic (bsg) driver version 0.4 loaded (major 249)
[   24.372287] tsc: Refined TSC clocksource calibration: 2306.723 MHz
[   24.524387] clocksource: tsc: mask: 0xffffffffffffffff max_cycles: 0x214003fe707, max_idle_ns: 440795204580 ns
[   24.527301] io scheduler noop registered
[   24.527303] io scheduler deadline registered (default)
[   24.527349] io scheduler cfq registered
[   24.527429] pci_hotplug: PCI Hot Plug PCI Core version: 0.5
[   24.527434] pciehp: PCI Express Hot Plug Controller Driver version: 0.4
[   24.527603] ACPI: AC Adapter [AC] (on-line)
[   24.527645] input: Power Button as /devices/LNXSYSTM:00/LNXPWRBN:00/input/input0
[   24.527647] ACPI: Power Button [PWRF]
[   24.527701] input: Sleep Button as /devices/LNXSYSTM:00/LNXSLPBN:00/input/input1
[   24.527702] ACPI: Sleep Button [SLPF]
[   24.527809] GHES: HEST is not enabled!
[   24.527885] Serial: 8250/16550 driver, 32 ports, IRQ sharing enabled
[   24.592804] 00:02: ttyS0 at I/O 0x3f8 (irq = 4, base_baud = 115200) is a 16550A
[   24.711178] Linux agpgart interface v0.103
[   24.712102] loop: module loaded
[   24.712500] scsi host0: ata_piix
[   24.712559] scsi host1: ata_piix
[   24.712583] ata1: PATA max UDMA/33 cmd 0x1f0 ctl 0x3f6 bmdma 0xd000 irq 14
[   24.712584] ata2: PATA max UDMA/33 cmd 0x170 ctl 0x376 bmdma 0xd008 irq 15
[   24.712636] libphy: Fixed MDIO Bus: probed
[   24.712638] tun: Universal TUN/TAP device driver, 1.6
[   24.712638] tun: (C) 1999-2004 Max Krasnyansky <maxk@qualcomm.com>
[   24.712898] PPP generic driver version 2.4.2
[   24.712948] ehci_hcd: USB 2.0 'Enhanced' Host Controller (EHCI) Driver
[   24.712951] ehci-pci: EHCI PCI platform driver
[   24.712964] ehci-platform: EHCI generic platform driver
[   24.712969] ohci_hcd: USB 1.1 'Open' Host Controller (OHCI) Driver
[   24.712972] ohci-pci: OHCI PCI platform driver
[   24.712977] ohci-platform: OHCI generic platform driver
[   24.712982] uhci_hcd: USB Universal Host Controller Interface driver
[   24.713023] i8042: PNP: PS/2 Controller [PNP0303:PS2K,PNP0f03:PS2M] at 0x60,0x64 irq 1,12
[   24.713438] serio: i8042 KBD port at 0x60,0x64 irq 1
[   24.713441] serio: i8042 AUX port at 0x60,0x64 irq 12
[   24.713516] mousedev: PS/2 mouse device common for all mice
[   24.713739] input: AT Translated Set 2 keyboard as /devices/platform/i8042/serio0/input/input2
[   24.714006] rtc_cmos rtc_cmos: rtc core: registered rtc_cmos as rtc0
[   24.714052] rtc_cmos rtc_cmos: alarms up to one day, 114 bytes nvram
[   24.714057] i2c /dev entries driver
[   24.714099] device-mapper: uevent: version 1.0.3
[   24.714140] device-mapper: ioctl: 4.34.0-ioctl (2015-10-28) initialised: dm-devel@redhat.com
[   24.714156] ledtrig-cpu: registered to indicate activity on CPUs
[   24.714579] NET: Registered protocol family 10
[   24.714695] NET: Registered protocol family 17
[   24.714703] Key type dns_resolver registered
[   24.714874] registered taskstats version 1
[   24.714883] Loading compiled-in X.509 certificates
[   24.715401] Loaded X.509 cert 'Build time autogenerated kernel key: b7189ebc996fd79c52efc1226b6676b25e4f6a2d'
[   24.715417] zswap: loaded using pool lzo/zbud
[   24.716716] Key type trusted registered
[   24.718980] Key type encrypted registered
[   24.718985] AppArmor: AppArmor sha1 policy hashing enabled
[   24.718987] ima: No TPM chip found, activating TPM-bypass!
[   24.718990] ima: Allocated hash algorithm: sha1
[   24.718999] evm: HMAC attrs: 0x1
[   24.719367]   Magic number: 6:669:879
[   24.730791] rtc_cmos rtc_cmos: setting system clock to 2018-10-18 09:52:15 UTC (1539856335)
[   24.730873] BIOS EDD facility v0.16 2004-Jun-25, 0 devices found
[   24.730873] EDD information not available.
[   27.397313] Freeing unused kernel memory: 1516K
[   27.443049] Write protecting the kernel read-only data: 14336k
[   28.110279] Freeing unused kernel memory: 1672K
[   28.115526] Freeing unused kernel memory: 92K
Loading, please wait...
starting version 229
[   28.423516] random: systemd-udevd: uninitialized urandom read (16 bytes read, 9 bits of entropy available)
[   28.423799] random: udevadm: uninitialized urandom read (16 bytes read, 9 bits of entropy available)
[   28.423820] random: udevadm: uninitialized urandom read (16 bytes read, 9 bits of entropy available)
[   28.432972] random: udevadm: uninitialized urandom read (16 bytes read, 9 bits of entropy available)
[   28.433013] random: udevadm: uninitialized urandom read (16 bytes read, 9 bits of entropy available)
[   28.433154] random: udevadm: uninitialized urandom read (16 bytes read, 9 bits of entropy available)
[   28.433208] random: udevadm: uninitialized urandom read (16 bytes read, 9 bits of entropy available)
[   28.433261] random: udevadm: uninitialized urandom read (16 bytes read, 9 bits of entropy available)
[   28.433317] random: udevadm: uninitialized urandom read (16 bytes read, 9 bits of entropy available)
[   28.433370] random: udevadm: uninitialized urandom read (16 bytes read, 9 bits of entropy available)
[   28.565892] e1000: Intel(R) PRO/1000 Network Driver - version 7.3.21-k8-NAPI
[   28.581686] e1000: Copyright (c) 1999-2006 Intel Corporation.
[   28.586729] Fusion MPT base driver 3.04.20
[   28.605102] Copyright (c) 1999-2008 LSI Corporation
[   28.611180] Fusion MPT SPI Host driver 3.04.20
[   28.631424] AVX version of gcm_enc/dec engaged.
[   28.675788] AES CTR mode by8 optimization enabled
[   28.808295] input: ImExPS/2 Generic Explorer Mouse as /devices/platform/i8042/serio1/input/input4
[   28.968338] e1000 0000:00:03.0 eth0: (PCI:33MHz:32-bit) 02:fb:a8:4c:29:d0
[   29.094791] e1000 0000:00:03.0 eth0: Intel(R) PRO/1000 Network Connection
[   29.244861] mptbase: ioc0: Initiating bringup
[   29.423486] ioc0: LSI53C1030 A0: Capabilities={Initiator}
[   29.730164] scsi host2: ioc0: LSI53C1030 A0, FwRev=00000000h, Ports=1, MaxQ=256, IRQ=20
[   29.864695] scsi 2:0:0:0: Direct-Access     VBOX     HARDDISK         1.0  PQ: 0 ANSI: 5
[   29.912312] scsi target2:0:0: Beginning Domain Validation
[   29.914296] scsi target2:0:0: Domain Validation skipping write tests
[   29.915459] scsi target2:0:0: Ending Domain Validation
[   29.916459] scsi target2:0:0: asynchronous
[   29.919138] scsi 2:0:1:0: Direct-Access     VBOX     HARDDISK         1.0  PQ: 0 ANSI: 5
[   29.920571] scsi target2:0:1: Beginning Domain Validation
[   29.922492] scsi target2:0:1: Domain Validation skipping write tests
[   29.923742] scsi target2:0:1: Ending Domain Validation
[   29.924884] scsi target2:0:1: asynchronous
[   29.935847] sd 2:0:0:0: Attached scsi generic sg0 type 0
[   29.968944] sd 2:0:0:0: [sda] 20971520 512-byte logical blocks: (10.7 GB/10.0 GiB)
[   29.970525] sd 2:0:0:0: [sda] Write Protect is off
[   29.971692] sd 2:0:0:0: [sda] Incomplete mode parameter data
[   29.972803] sd 2:0:0:0: [sda] Assuming drive cache: write through
[   29.975217] sd 2:0:1:0: [sdb] 20480 512-byte logical blocks: (10.5 MB/10.0 MiB)
[   30.024979]  sda: sda1
[   30.039544] sd 2:0:1:0: Attached scsi generic sg1 type 0
[   30.050383] sd 2:0:1:0: [sdb] Write Protect is off
[   30.060986] sd 2:0:1:0: [sdb] Incomplete mode parameter data
[   30.089807] sd 2:0:1:0: [sdb] Assuming drive cache: write through
[   30.091004] sd 2:0:0:0: [sda] Attached SCSI disk
[   30.109455] sd 2:0:1:0: [sdb] Attached SCSI disk
[   30.220068] e1000 0000:00:08.0 eth1: (PCI:33MHz:32-bit) 08:00:27:2f:9b:fa
[   30.260189] e1000 0000:00:08.0 eth1: Intel(R) PRO/1000 Network Connection
[   30.262373] e1000 0000:00:03.0 enp0s3: renamed from eth0
[   30.334427] e1000 0000:00:08.0 enp0s8: renamed from eth1
Begin: Loading essential drivers[   32.561413] md: linear personality registered for level -1
 ... [   32.696582] md: multipath personality registered for level -4
[   32.798744] md: raid0 personality registered for level 0
[   32.874538] md: raid1 personality registered for level 1
[   32.967810] raid6: sse2x1   gen() 10260 MB/s
[   33.062312] raid6: sse2x1   xor()  6820 MB/s
[   33.163082] raid6: sse2x2   gen() 12403 MB/s
[   33.293475] raid6: sse2x2   xor()  8820 MB/s
[   33.387987] raid6: sse2x4   gen() 14327 MB/s
[   33.511050] raid6: sse2x4   xor()  9389 MB/s
[   33.523861] raid6: using algorithm sse2x4 gen() 14327 MB/s
[   33.566118] raid6: .... xor() 9389 MB/s, rmw enabled
[   33.575995] raid6: using ssse3x2 recovery algorithm
[   33.585899] xor: automatically using best checksumming function:
[   33.667277]    avx       : 25223.000 MB/sec
[   33.725755] async_tx: api initialized (async)
[   33.802985] md: raid6 personality registered for level 6
[   33.900181] md: raid5 personality registered for level 5
[   33.904973] md: raid4 personality registered for level 4
[   33.936074] md: raid10 personality registered for level 10
done.
Begin: Running /scripts/init-premount ... done.[   33.984002] Btrfs loaded

Begin: Mounting root file system ... Begin: Running /scripts/local-top ... done.
Begin: Running /scripts/local-premount ... Scanning for Btrfs filesystems
done.
Warning: fsck not present, so sk[   34.030498] EXT4-fs (sda1): mounted filesystem with ordered data mode. Opts: (null)
ipping root file system
done.
Begin: Running /scripts/local-bottom ... done.
Begin: Running /scripts/init-bottom ... done.
[   34.216226] systemd[1]: systemd 229 running in system mode. (+PAM +AUDIT +SELINUX +IMA +APPARMOR +SMACK +SYSVINIT +UTMP +LIBCRYPTSETUP +GCRYPT +GNUTLS +ACL +XZ -LZ4 +SECCOMP +BLKID +ELFUTILS +KMOD -IDN)
[   34.450736] systemd[1]: Detected virtualization oracle.
[   34.511725] systemd[1]: Detected architecture x86-64.

Welcome to [1mUbuntu 16.04.5 LTS[0m!

[   34.758521] systemd[1]: Set hostname to <ubuntu>.
[   34.825298] systemd[1]: Initializing machine ID from random generator.
[   34.899623] systemd[1]: Installed transient /etc/machine-id file.
[  65.647]ptsi i0:ttptg skbo! (sc=ffff880036e150)
[   66.4617]d 0:0:sd tag#3 CDB: Read(10) 28 00 00 05 93 70 00 01 00 00

[ 67.34241] mptscsih: ioc0: task abort: FAILED (rv=2003) (sc=ffff880036e15500)

[   67.418845] mptscsih: ioc0: attempting target reset! (sc=ffff880036e15500)
[   67.459984] sd 2:0:0:0: [sda] tag#3 CDB: Read(10) 28 00 00 05 93 70 00 01 00 00
[   67.571723] mptscsih: ioc0: target reset: SUCCESS (sc=ffff880036e15500)
[   67.7099] rado nblckin pl  itiiz
[   68.168848] systemd[1]: Started Trigger resolvconf update for networkd DNS.
[[0;32m  OK  [0m] Started Trigger resolvconf update for networkd DNS.
[ 683592systmd[1]: Listening on Journal Audit Socket.

[[0;32m  OK  [0m] Listening on Journal Audit Socket.
[   68.490649] systemd[1]: Listening on LVM2 poll daemon socket.
[[0;32m  OK  [0m] Listening on LVM2 poll daemon socket.
[ 68507416]systemd[1]: Listening on SyloSoet
[[0;32m  OK  [0m] Listening on Syslog Socket.
[ 68.828072 ste[1 Rch target System TmeSychnid.
[[0;32m  OK  [0m] Reached target System Time Synchronized.
[ 692762syem1] Lstningonde/iitctlompatibiit Nedip
[[0;32m  OK  [0m] Listening on /dev/initctl Compatibility Named Pipe.
[   70.18912] ysmd]:iseninonDeceapr endaonFIFOs.
[[0;32m  OK  [0m] Listening on Device-mapper event daemon FIFOs.
[  707895 systed[: stni oud KneSoet

[[0;32m  OK  [0m] Listening on udev Kernel Socket.
[ 71119]ysmd]:isenin o LM2meadata daemon socket.

[[0;32m  OK  [0m] Listening on LVM2 metadata daemon socket.
[ 71475]ysem1] Ltengn urna Ske.
[[0;32m  OK  [0m] Listening on Journal Socket.
[   72.506917] systemd[1]: Reached target User and Group Name Lookups.
[[0;32m  OK  [0m] Reached target User and Group Name Lookups.
[ 725184] systemd[1]: Reached target Swap.
[[0;32m  OK  [0m] Reached target Swap.
[  72.9129 sstd[: eachd rget Encrypted Volumes.

[[0;32m  OK  [0m] Reached target Encrypted Volumes.
[  7240225] syemd[1]: Created sliceSyemli.
[[0;32m  OK  [0m] Created slice System Slice.
[   73.655142] systemd[1]: Mounting Debug File System...
         Mounting Debug File System...
[   73.726104] systemd[1]: Starting Load Kernel Modules...
         Startin[   73.782329] Loading iSCSI transport class v2.0-870.
g Load Kernel Mo[   73.860509] iscsi: registered transport (tcp)
dules...
[   73.902746] systemd[1]: Starting Nameserver information manager...
         Starting Nameserver information manager...
[   73.920284] systemd[1]: Starting Monitoring of LVM2 mirrors, snapshots etc. using dmeventd or progress polling...
         Starting Monitoring of LVM2 mirrors... [   73.956597] iscsi: registered transport (iser)
dmeventd or progress polling...
[   73.998690] systemd[1]: Starting Set console keymap...
         Starting Set console keymap...
[   74.115771] systemd[1]: Listening on Journal Socket (/dev/log).
[[0;32m  OK  [0m] Listening on Journal Socket (/dev/log).
[ 74404] systemd1] Created slice system-serial\x2dgetty.slice.
[[0;32m  OK  [0m] Created slice system-serial\x2dgetty.slice.
[ 7487767] systemd1]StteFoard Password Reqes tWal reorWah.
[[0;32m  OK  [0m] Started Forward Password Requests to Wall Directory Watch.
[   75.599767] systemd[1]: Mounting Huge Pages File System...
         Mounting Huge Pages File System...
[   75.661824] systemd[1]: Listening on udev Control Socket.
[[0;32m  OK  [0m] Listening on udev Control Socket.
[  75.312]ystemd[1: t  aomntrbrary Executable File Formats FileSysemutou Pnt

[[0;32m  OK  [0m] Set up automount Arbitrary Executab...ats File System Automount Point.
[   76.575500] systemd[1]: Starting Journal Service...
         Starting Journal Service...
[   76.687693] systemd[1]: Starting Uncomplicated firewall...
         Starting Uncomplicated firewall...
[   76.811585] systemd[1]: Starting Create list of required static device nodes for the current kernel...
         Starting Create list of required st... nodes for the current kernel...
[   77.047669] systemd[1]: Starting Remount Root and Kernel File Systems...
[   77.050768] EXT4-fs (sda1): re-mounted. Opts: (null)
         Starting Remount Root and Kernel File Systems...
[   77.275198] systemd[1]: Mounting POSIX Message Queue File System...
         Mounting POSIX Message Queue File System...
[   77.324044] systemd[1]: Created slice User and Session Slice.
[[0;32m  OK  [0m] Created slice User and Session Slice.
[   77.487612] systemd[1]: Reached target Slices.
[[0;32m  OK  [0m] Reached target Slices.
[   77.624701] systemd[1]: Mounted POSIX Message Queue File System.
[[0;32m  OK  [0m] Mounted POSIX Message Queue File System.
[   77.795959] systemd[1]: Mounted Debug File System.
[[0;32m  OK  [0m] Mounted Debug File System.
[   77.939428] systemd[1]: Mounted Huge Pages File System.
[[0;32m  OK  [0m] Mounted Huge Pages File System.
[   78.055769] systemd[1]: Started Journal Service.
[[0;32m  OK  [0m] Started Journal Service.
[[0;32m  OK  [0m] Started Load Kernel Modules.
[[0;32m  OK  [0m] Started Set console keymap.
[[0;32m  OK  [0m] Started Uncomplicated firewall.
[[0;32m  OK  [0m] Started Create list of required sta...ce nodes for the current kernel.
[[0;32m  OK  [0m] Started Remount Root and Kernel File Systems.
[[0;32m  OK  [0m] Started Nameserver information manager.
[[0;32m  OK  [0m] Started LVM2 metadata daemon.
         Starting udev Coldplug all Devices...
         Starting Load/Save Random Seed...
         Starting Create Static Device Nodes in /dev...
         Mounting FUSE Control File System...
         Starting Apply Kernel Variables...
         Starting Flush Journal to Persistent Storage...
[[0;32m  OK  [0m] Mounted FUSE Control File System.
[[0;32m  OK  [0m] Started Monitoring of LVM2 mirrors,...ng dmeventd or progress polling.
[[0;32m  OK  [0m] Started Load/Save Random Seed.
[[0;32m  OK  [0m] Started Create Static Device Nodes in /dev.
[[0;32m  OK  [0m] Started Apply Kernel Variables.
[[0;32m  OK  [0m] Started udev Coldplug all Devices.
[[0;32m  OK  [0m] Started Flush Journal to Persistent Storage.
         Starting udev Kernel Device Manager...
[[0;32m  OK  [0m] Started udev Kernel Device Manager.
[[0;32m  OK  [0m] Started Dispatch Password Requests to Console Directory Watch.
[[0;32m  OK  [0m] Reached target Local File Systems (Pre).
[[0;32m  OK  [0m] Reached target Local File Systems.
         Starting Initial cloud-init job (pre-networking)...
         Starting Commit a transient machine-id on disk...
         Starting LSB: AppArmor initialization...
         Starting Set console font and keymap...
         Starting Create Volatile Files and Directories...
         Starting Tell Plymouth To Write Out Runtime Data...
[[0;32m  OK  [0m] Started Commit a transient machine-id on disk.
[[0;32m  OK  [0m] Started Create Volatile Files and Directories.
[[0;32m  OK  [0m] Started Tell Plymouth To Write Out Runtime Data.
[[0;32m  OK  [0m] Found device /dev/ttyS0.
[[0;32m  OK  [0m] Listening on Load/Save RF Kill Switch Status /dev/rfkill Watch.
         Starting Update UTMP about System Boot/Shutdown...
[   59.674966] [cloud-init[0;32m  OK  [0m[474]: ] Cloud-init v. 18.3-9-g2e62cb8a-0ubuntu1~16.04.2 running 'init-local' at Thu, 18 Oct 2018 09:53:10 +0000. Up 59.24 seconds.Started LSB: AppArmor initialization.

[[0;32m  OK  [0m] Started Initial cloud-init job (pre-networking).
[[0;32m  OK  [0m] Started Update UTMP about System Boot/Shutdown.
[[0;32m  OK  [0m] Started Set console font and keymap.
[[0;32m  OK  [0m] Created slice system-getty.slice.
[[0;32m  OK  [0m] Reached target Network (Pre).
         Starting Raise network interfaces...
[[0;32m  OK  [0m] Started Raise network interfaces.
[[0;32m  OK  [0m] Reached target Network.
         Starting Initial cloud-init job (metadata service crawler)...
[   61.161619] cloud-init[934]: Cloud-init v. 18.3-9-g2e62cb8a-0ubuntu1~16.04.2 running 'init' at Thu, 18 Oct 2018 09:53:12 +0000. Up 60.66 seconds.
[   61.340866] [cloud-init[0;32m  OK  [0m[934]: ] ci-info: ++++++++++++++++++++++++++++++++++++++Net device info+++++++++++++++++++++++++++++++++++++++Started Initial cloud-init job (metadata service crawler).

[   61.341511] cloud-init[934]: ci-info: +--------+-------+----------------------------+---------------+--------+-------------------+
[   61.625030] [cloud-init[0;32m  OK  [0m[934]: ] ci-info: | Device |   Up  |          Address           |      Mask     | Scope  |     Hw-Address    |Reached target System Initialization.

[   61.856644] [cloud-init[0;32m  OK  [0m[934]: ] ci-info: +--------+-------+----------------------------+---------------+--------+-------------------+Listening on UUID daemon activation socket.

[   61.857261] [cloud-init[0;32m  OK  [0m[934]: ] ci-info: | enp0s3 |  True |         10.0.2.15          | 255.255.255.0 | global | 02:fb:a8:4c:29:d0 |Started Daily apt download activities.

[   62.046147] [cloud-init[0;32m  OK  [0m[934]: ] ci-info: | enp0s3 |  True | fe80::fb:a8ff:fe4c:29d0/64 |       .       |  link  | 02:fb:a8:4c:29:d0 |Started Daily Cleanup of Temporary Directories.

[   62.046740]          cloud-initStarting Socket activation for snappy daemon.[934]: 
ci-info: | enp0s8 | False |             .              |       .       |   .    | 08:00:27:2f:9b:fa |
[   62.452641] [cloud-init[0;32m  OK  [0m[934]: ] ci-info: |   lo   |  True |         127.0.0.1          |   255.0.0.0   |  host  |         .         |Listening on ACPID Listen Socket.

[   62.584595] [cloud-init[0;32m  OK  [0m[934]: ] ci-info: |   lo   |  True |          ::1/128           |       .       |  host  |         .         |Started ACPI Events Check.

[   62.805858] [cloud-init[0;32m  OK  [0m[934]: ] ci-info: +--------+-------+----------------------------+---------------+--------+-------------------+Reached target Paths.

[   62.990636]          cloud-initStarting LXD - unix socket.[934]: 
ci-info: +++++++++++++++++++++++++++Route IPv4 info++++++++++++++++++++++++++++
[   62.997749] [cloud-init[0;32m  OK  [0m[934]: ] ci-info: +-------+-------------+----------+---------------+-----------+-------+Started Daily apt upgrade and clean activities.

[[0;32m  OK  [0m] Reached target Timers.
[[0;32m  OK  [0m] Listening on D-Bus System Message Bus Socket.
[   62.998162] cloud-init[934]: ci-info: | Route | Destination | Gateway  |    Genmask    | Interface | Flags |
[   63.236753] [cloud-init[0;32m  OK  [0m[934]: ] ci-info: +-------+-------------+----------+---------------+-----------+-------+Reached target Cloud-config availability.

[   63.421488] [cloud-init[0;32m  OK  [0m[934]: ] ci-info: |   0   |   0.0.0.0   | 10.0.2.2 |    0.0.0.0    |   enp0s3  |   UG  |Reached target Network is Online.

[   63.605002]          cloud-initStarting iSCSI initiator daemon (iscsid)...[934]: 
ci-info: |   1   |   10.0.2.0  | 0.0.0.0  | 255.255.255.0 |   enp0s3  |   U   |
[   63.616369] [cloud-init[0;32m  OK  [0m[934]: ] ci-info: +-------+-------------+----------+---------------+-----------+-------+Listening on Socket activation for snappy daemon.

[   63.683187] [[0;32m  OK  [0m] Listening on LXD - unix socket.
cloud-init[934]: ci-info: +++++++++++++++++++Route IPv6 info+++++++++++++++++++
[   63.685508] cloud-init[934]: ci-info: +-------+-------------+---------+-----------+-------+
[   63.768899] [cloud-init[0;32m  OK  [0m[934]: ] ci-info: | Route | Destination | Gateway | Interface | Flags |Reached target Sockets.

[   63.892600] [cloud-init[0;32m  OK  [0m[934]: ] ci-info: +-------+-------------+---------+-----------+-------+Reached target Basic System.

[   63.893409] cloud-init[934]: ci-info: |   0   |  fe80::/64  |    ::   |   enp0s3  |   U   |
         Starting Virtualbox guest utils...
[   64.076985] cloud-init[934]: ci-info: |   3   |   ff00::/8  |    ::   |   enp0s3  |   U   |
[   64.164669]          cloud-initStarting LSB: Record successful boot for GRUB...[934]: 
ci-info: +-------+-------------+---------+-----------+-------+
[   64.325060] cloud-init[934]: Generating public/private rsa key pair.[
[0;32m  OK  [0m] Started D-Bus System Message Bus.
[   64.325840] cloud-init[934]: Your identification has been saved in /etc/ssh/ssh_host_rsa_key.
[   64.536475]          cloud-initStarting Pollinate to seed the pseudo random number generator...[934]: 
Your public key has been saved in /etc/ssh/ssh_host_rsa_key.pub.
[   64.542766] [cloud-init[0;32m  OK  [0m[934]: ] The key fingerprint is:Started Unattended Upgrades Shutdown.

[   64.543208] cloud-init[934]: SHA256:bYFjweK0rmo9at8REZKOhe3SY5WebUuohOAzgX0Jfyk root@ubuntu-xenial
[   64.557163] cloud-init[934]: The key's randomart image is:
[   64.558362] cloud-init[934]: +---[RSA 2048]----+
[   64.559563] cloud-init         Starting System Logging Service...
[934]: |...+.o.o.        |
[   64.609083] [cloud-init[0;32m  OK  [0m[934]: ] |o.o.*.=o.o       |Started Deferred execution scheduler.

[   64.721987] [cloud-init[0;32m  OK  [0m[934]: ] |...OE=+*+ .      |Started Regular background program processing daemon.

[   64.722438] cloud-init[934]: | ++ Bo*o+o .     |
[   64.876562] cloud-init[934]: |  o+ +.oS.o      |
[   64.928765] [cloud-init[0;32m  OK  [0m[934]: ] |    . ....       |Started ACPI event daemon.

[   64.929434] cloud-init[934]: |   . ..          |
[   65.072908]          cloud-initStarting Login Service...[934]: 
|  o +. .         |
[   65.135513]          cloud-initStarting LSB: MD monitoring daemon...[934]: 
| oo+...          |
[   65.136091] cloud-init[934]: +----[SHA256]-----+
[   65.224424] cloud-init[934]: Generating public/private dsa key pair.
         Starting Accounts Service...
[   65.250881] cloud-init[934]: Your identification has been saved in /etc/ssh/ssh_host_dsa_key.
[   65.369129] cloud-init[934]: Your public key has been saved in /etc/ssh/ssh_host_dsa_key.pub.
[   65.369609] cloud-init[934]: The key fingerprint is:
         Starting /etc/rc.local Compatibility...
[   65.369742] cloud-init[934]: SHA256:+ALUqr7v/P0ZGFUnl+f861ZgUXGBvjeBCJ3XhdmR9bc root@ubuntu-xenial
[   65.701248] cloud-init[934]: The key's randomart image is:
[   65.701732] cloud-init[934]: +---[DSA 1024]----+
[[0;32m  OK  [0m] Started FUSE filesystem for LXC.
[   65.701910] cloud-init[934]: |          . + =X%|
         [   65.952306] Starting LXD - container startup/shutdown...cloud-init
[934]: |     .   . + *=o=|
[   65.956723] cloud-init[934]: |    . .   o + .=o|
[   65.963372] cloud-init[934]: |   . . . . . oo.=|
[   65.964590] cloud-init[934]: |    o . S    ..Eo|
[   65.969078] cloud-init[934]: |   . . . o   . oo|
[   65.971233] cloud-init[934]: |  .   . o .   . +|
         [   65.972818] Starting Snappy daemon...cloud-init
[934]: | . .   o   o   o |
[   65.975657] cloud-init[934]: |  o++.. ..o   o. |
[   65.991687] cloud-init[934]: +----[SHA256]-----+
[   65.991933] cloud-init[934]: Generating public/private ecdsa key pair.
[[0;32m  OK  [0m] Started System Logging Service.
[   65.992086] cloud-init[934]: Your identification has been saved in /etc/ssh/ssh_host_ecdsa_key.
[   66.044473] cloud-init[934]: Your public key has been saved in /etc/ssh/ssh_host_ecdsa_key.pub.
[   66.044708] cloud-init[934]: The key fingerprint is:
[   66.044871] cloud-init[934]: SHA256:PXtXJTd6Q04OFsOPyxQuLD/VCm863Lg0El6xMH92qss root@ubuntu-xenial
[   66.045034] cloud-init[934]: The key's randomart image is:
[   66.045195] cloud-init[934]: +---[ECDSA 256]---+
[[0;32m  OK  [0m] Started iSCSI initiator daemon (iscsid).
[   66.045380] cloud-init[934]: |            .o   |
[   66.072486] cloud-init[934]: |             oo  |
[   66.072711] cloud-init[934]: |         o...o*+o|
[[0;32m  OK  [0m] Started Pollinate to seed the pseudo random number generator.
[   66.072871] cloud-init[934]: |         o+++=B=o|
[   66.144641] cloud-init[934]: |        S.=+B+o*.|
[   66.145248] cloud-init[934]: |        . o=o*+..|
[[0;32m  OK  [0m] Started /etc/rc.local Compatibility.
[   66.145350] cloud-init[934]: |         oooB..  |
[   66.344380] cloud-init[934]: |          +*oo   |
[   66.344641] cloud-init[934]: |           E+    |
[[0;32m  OK  [0m] Started LXD - container startup/shutdown.
[   66.344787] cloud-init[934]: +----[SHA256]-----+
[   66.444409] cloud-init[934]: Generating public/private ed25519 key pair.
[   66.444715] cloud-init[934]: Your identification has been saved in /etc/ssh/ssh_host_ed25519_key.
[[0;32m  OK  [0m] Started Snappy daemon.
[   66.444920] cloud-init[934]: Your public key has been saved in /etc/ssh/ssh_host_ed25519_key.pub.
[[   66.635263] cloud-init[934]: The key fingerprint is:
[   66.635845] cloud-init[934]: SHA256:c8InoYd0XKSvm3SkaWgG78BgxGuqVisPxrHBSFu2udk root@ubuntu-xenial
[0;32m  OK  [0m] Started LSB: Record successful boot for GRUB.
[[0;32m  OK  [0m] Started Virtualbox guest utils.
[   66.635964] cloud-init[934]: The key's randomart image is:
[   66.883180] cloud-init[934]: +--[ED25519 256]--+
[   66.885118] cloud-init[934]: |         .o      |
[   66.890399] cloud-init[934]: | .     . o       |
[   66.893120] cloud-init[934]: | .oo  . =        |
[   66.936604] [cloud-init[0;32m  OK  [0m[934]: ] |+.+.o. = o       |Started Login Service.

[   67.015857] [cloud-init[0;32m  OK  [0m[934]: ] |.==o. o S =      |Started LSB: MD monitoring daemon.

[   67.016427] cloud-init[934]: |.++++o o @       |
[   67.094629]          Starting Authenticate and Authorize Users to Run Privileged Tasks...
cloud-init[934]: |.=.o+E= * .      |
         Starting Wait until snapd is fully seeded...
[   67.179015] cloud-init[934]: |oo.. = o +       |
[   67.266021]          cloud-initStarting OpenBSD Secure Shell server...[934]: 
|o o.  . o        |
[   67.364703]          cloud-initStarting Login to default iSCSI targets...[934]: 
+----[SHA256]-----+
[[0;32m  OK  [0m] Started OpenBSD Secure Shell server.
[[0;32m  OK  [0m] Started Wait until snapd is fully seeded.
[[0;32m  OK  [0m] Started Authenticate and Authorize Users to Run Privileged Tasks.
[[0;32m  OK  [0m] Started Accounts Service.
         Starting Apply the settings specified in cloud-config...
[[0;32m  OK  [0m] Started Login to default iSCSI targets.
[[0;32m  OK  [0m] Reached target Remote File Systems (Pre).
[[0;32m  OK  [0m] Reached target Remote File Systems.
         Starting LSB: automatic crash report generation...
         Starting Permit User Sessions...
         Starting LSB: Set the CPU Frequency Scaling governor to "ondemand"...
         Starting LSB: daemon to balance interrupts for SMP systems...
[[0;32m  OK  [0m] Started Permit User Sessions.
         Starting Terminate Plymouth Boot Screen...
         Starting Hold until boot process finishes up...
[[0;32m  OK  [0m] Started LSB: automatic crash report generation.
[[0;32m  OK  [0m] Started LSB: Set the CPU Frequency Scaling governor to "ondemand".
[[0;32m  OK  [0m] Started Terminate Plymouth Boot Screen.
[[0;32m  OK  [0m] Started Hold until boot process finishes up.
[[0;32m  OK  [0m] Created slice User Slice of vagrant.
[[0;32m  OK  [0m] Started Session 1 of user vagrant.
[   67.963219] cloud-init[1191]: Generating locales (this might take a while)...
         Starting User Manager for UID 1000...
[[0;32m  OK  [0m] Started Serial Getty on ttyS0.
         Starting Set console scheme...
[[0;32m  OK  [0m] Started Getty on tty1.
[[0;32m  OK  [0m] Reached target Login Prompts.
[[0;32m  OK  [0m] Started User Manager for UID 1000.
[[0;32m  OK  [0m] Started LSB: daemon to balance interrupts for SMP systems.
[[0;32m  OK  [0m] Started Set console scheme.
[[0;32m  OK  [0m] Reached target Multi-User System.
[[0;32m  OK  [0m] Reached target Graphical Interface.
         Starting Update UTMP about System Runlevel Changes...
[[0;32m  OK  [0m] Started Update UTMP about System Runlevel Changes.
[   68.751537] cloud-init[1191]:   en_US.UTF-8... done
[   68.758607] cloud-init[1191]: Generation complete.
[   69.086240] cloud-init[1191]: Cloud-init v. 18.3-9-g2e62cb8a-0ubuntu1~16.04.2 running 'modules:config' at Thu, 18 Oct 2018 09:53:19 +0000. Up 67.83 seconds.
[[0;32m  OK  [0m] Started Apply the settings specified in cloud-config.
         Starting Execute cloud user/final scripts...
         Stopping User Manager for UID 1000...
[[0;32m  OK  [0m] Stopped User Manager for UID 1000.
ci-info: no authorized ssh keys fingerprints found for user ubuntu.
[[0;32m  OK  [0m] Removed slice User Slice of vagrant.
<14>Oct 18 09:53:21 ec2: 
<14>Oct 18 09:53:21 ec2: #############################################################
<14>Oct 18 09:53:21 ec2: -----BEGIN SSH HOST KEY FINGERPRINTS-----
<14>Oct 18 09:53:21 ec2: 1024 SHA256:+ALUqr7v/P0ZGFUnl+f861ZgUXGBvjeBCJ3XhdmR9bc root@ubuntu-xenial (DSA)
<14>Oct 18 09:53:21 ec2: 256 SHA256:PXtXJTd6Q04OFsOPyxQuLD/VCm863Lg0El6xMH92qss root@ubuntu-xenial (ECDSA)
<14>Oct 18 09:53:21 ec2: 256 SHA256:c8InoYd0XKSvm3SkaWgG78BgxGuqVisPxrHBSFu2udk root@ubuntu-xenial (ED25519)
<14>Oct 18 09:53:21 ec2: 2048 SHA256:bYFjweK0rmo9at8REZKOhe3SY5WebUuohOAzgX0Jfyk root@ubuntu-xenial (RSA)
<14>Oct 18 09:53:21 ec2: -----END SSH HOST KEY FINGERPRINTS-----
<14>Oct 18 09:53:21 ec2: #############################################################
-----BEGIN SSH HOST KEY KEYS-----
ecdsa-sha2-nistp256 AAAAE2VjZHNhLXNoYTItbmlzdHAyNTYAAAAIbmlzdHAyNTYAAABBBPBleoezuCGE0rJtExmIXni3IFvFZFp4JicqaynVzBqfyznlvtw5nJ1YwTs+4otG9FI5Q4Lm0v6g1Q2IBiPwGU8= root@ubuntu-xenial
ssh-ed25519 AAAAC3NzaC1lZDI1NTE5AAAAIFi1sQcdrFctOZO4vG78xY3qD8AdQIwbyeIODo/Z1xvD root@ubuntu-xenial
ssh-rsa AAAAB3NzaC1yc2EAAAADAQABAAABAQDEdFf2tysunb2kCQz74+39gMxtkVy3IBhq3IXk5VlQ/vnXZdut0KL2FIjUGOkn+qpTnvtf269GBclDkQYFiew9muMDkLlj3EBx0jKYLxyDY08b39CAfApmTDSBbbYcvjrm/p4v+isoFmzXBVr/L9JXIkbiqcQTBFFTLVP2jrRD1CuH3F2Kt5BZLstSzp83pdogc5AsyMJiRFMMGCy/m892uNNfyqNO0gYTDwyB/nEcqO38JY591oL6rSC7MWKqLqpF4h4qv9QURCA0WWJtNRdG7muH9UbDvc24UX1TObyIJcJnR2JDvutOVaV3iUfE4OR164Ot0ZKoG72uyhJtOkJr root@ubuntu-xenial
-----END SSH HOST KEY KEYS-----
[[0;32m  OK  [0m] Created slice User Slice of vagrant.
[   69.913824] cloud-init[1408]: Cloud-init v. 18.3-9-g2e62cb8a-0ubuntu1~16.04.2 running 'modules:final' at Thu, 18 Oct 2018 09:53:21 +0000. Up 69.40 seconds.
         Starting User Manager for UID 1000...
[   69.940757] cloud-init[1408]: ci-info: no authorized ssh keys fingerprints found for user ubuntu.
[[0;32m  OK  [0m] Started Session 2 of user vagrant.
[   69.946624] cloud-init[1408]: Cloud-init v. 18.3-9-g2e62cb8a-0ubuntu1~16.04.2 finished at Thu, 18 Oct 2018 09:53:21 +0000. Datasource DataSourceNoCloud [seed=/dev/sdb][dsmode=net].  Up 69.90 seconds
[[0;32m  OK  [0m] Started User Manager for UID 1000.
[[0;32m  OK  [0m] Started Execute cloud user/final scripts.
[[0;32m  OK  [0m] Reached target Cloud-init target.

Ubuntu 16.04.5 LTS ubuntu-xenial ttyS0

ubuntu-xenial login: 